2017-10-23 11:53:39 org.springframework.jdbc.datasource.DriverManagerDataSource.setDriverClassName(DriverManagerDataSource.java:133) DriverManagerDataSource.java INFO Loaded JDBC driver: com.mysql.jdbc.Driver
2017-10-23 11:53:39 org.springframework.jdbc.core.JdbcTemplate.update(JdbcTemplate.java:869) JdbcTemplate.java DEBUG Executing prepared SQL update
2017-10-23 11:53:39 org.springframework.jdbc.core.JdbcTemplate.execute(JdbcTemplate.java:616) JdbcTemplate.java DEBUG Executing prepared SQL statement [delete from user where user=?]
2017-10-23 11:53:39 org.springframework.jdbc.datasource.DataSourceUtils.doGetConnection(DataSourceUtils.java:110) DataSourceUtils.java DEBUG Fetching JDBC Connection from DataSource
2017-10-23 11:53:39 org.springframework.jdbc.datasource.DriverManagerDataSource.getConnectionFromDriver(DriverManagerDataSource.java:142) DriverManagerDataSource.java DEBUG Creating new JDBC DriverManager Connection to [jdbc:mysql://localhost:3306/epet?useUnicode=true&characterEncoding=utf-8]
2017-10-23 11:53:40 org.springframework.jdbc.datasource.DataSourceUtils.doReleaseConnection(DataSourceUtils.java:329) DataSourceUtils.java DEBUG Returning JDBC Connection to DataSource
2017-10-23 11:53:40 org.springframework.core.env.MutablePropertySources.addLast(MutablePropertySources.java:106) MutablePropertySources.java DEBUG Adding PropertySource 'systemProperties' with lowest search precedence
2017-10-23 11:53:40 org.springframework.core.env.MutablePropertySources.addLast(MutablePropertySources.java:106) MutablePropertySources.java DEBUG Adding PropertySource 'systemEnvironment' with lowest search precedence
2017-10-23 11:53:40 org.springframework.core.env.AbstractEnvironment.<init>(AbstractEnvironment.java:124) AbstractEnvironment.java DEBUG Initialized StandardEnvironment with PropertySources [MapPropertySource@245475541 {name='systemProperties', properties={java.runtime.name=Java(TM) SE Runtime Environment, sun.boot.library.path=C:\Program Files\Java\jdk1.8.0_144\jre\bin, java.vm.version=25.144-b01, java.vm.vendor=Oracle Corporation, java.vendor.url=http://java.oracle.com/, path.separator=;, java.vm.name=Java HotSpot(TM) 64-Bit Server VM, file.encoding.pkg=sun.io, user.country=CN, user.script=, sun.java.launcher=SUN_STANDARD, sun.os.patch.level=Service Pack 1, java.vm.specification.name=Java Virtual Machine Specification, user.dir=E:\MyEclipse 10\Spring\spring_jdbcTemplate, java.runtime.version=1.8.0_144-b01, java.awt.graphicsenv=sun.awt.Win32GraphicsEnvironment, java.endorsed.dirs=C:\Program Files\Java\jdk1.8.0_144\jre\lib\endorsed, os.arch=amd64, java.io.tmpdir=C:\Users\ADMINI~1\AppData\Local\Temp\, line.separator=
, java.vm.specification.vendor=Oracle Corporation, user.variant=, os.name=Windows 7, sun.jnu.encoding=GBK, java.library.path=C:\Program Files\Java\jdk1.8.0_144\bin;C:\Windows\Sun\Java\bin;C:\Windows\system32;C:\Windows;f:\app\Administrator\product\11.2.0\dbhome_1\bin;f:\app\Administrator\virtual\product\12.2.0\dbhome_1\bin;C:\Program Files (x86)\AMD APP\bin\x86_64;C:\Program Files (x86)\AMD APP\bin\x86;C:\Program Files (x86)\Java\jdk1.7.0_75\bin;C:\Program Files (x86)\Java\jre7\bin;C:\Windows\system32;C:\Windows;C:\Windows\System32\Wbem;C:\Windows\System32\WindowsPowerShell\v1.0\;C:\Program Files (x86)\ATI Technologies\ATI.ACE\Core-Static;C:\Program Files\Java\jdk1.8.0_144\bin;F:\Program Files\MySQL\MySQL Server 5.7\bin;F:\Program Files\apache-tomcat-7.0.81\bin;F:\Program Files\Git\bin;C:\Users\Administrator\AppData\Local\GitHubDesktop\bin;F:\apache-maven-3.5.0\bin;., java.specification.name=Java Platform API Specification, java.class.version=52.0, sun.management.compiler=HotSpot 64-Bit Tiered Compilers, os.version=6.1, user.home=C:\Users\Administrator, user.timezone=Asia/Shanghai, java.awt.printerjob=sun.awt.windows.WPrinterJob, file.encoding=UTF-8, java.specification.version=1.8, java.class.path=F:\Program Files\JetBrains\IntelliJ IDEA 2017.2.3\lib\idea_rt.jar;F:\Program Files\JetBrains\IntelliJ IDEA 2017.2.3\plugins\junit\lib\junit-rt.jar;F:\Program Files\JetBrains\IntelliJ IDEA 2017.2.3\plugins\junit\lib\junit5-rt.jar;C:\Program Files\Java\jdk1.8.0_144\jre\lib\charsets.jar;C:\Program Files\Java\jdk1.8.0_144\jre\lib\deploy.jar;C:\Program Files\Java\jdk1.8.0_144\jre\lib\ext\access-bridge-64.jar;C:\Program Files\Java\jdk1.8.0_144\jre\lib\ext\cldrdata.jar;C:\Program Files\Java\jdk1.8.0_144\jre\lib\ext\dnsns.jar;C:\Program Files\Java\jdk1.8.0_144\jre\lib\ext\jaccess.jar;C:\Program Files\Java\jdk1.8.0_144\jre\lib\ext\jfxrt.jar;C:\Program Files\Java\jdk1.8.0_144\jre\lib\ext\localedata.jar;C:\Program Files\Java\jdk1.8.0_144\jre\lib\ext\nashorn.jar;C:\Program Files\Java\jdk1.8.0_144\jre\lib\ext\sunec.jar;C:\Program Files\Java\jdk1.8.0_144\jre\lib\ext\sunjce_provider.jar;C:\Program Files\Java\jdk1.8.0_144\jre\lib\ext\sunmscapi.jar;C:\Program Files\Java\jdk1.8.0_144\jre\lib\ext\sunpkcs11.jar;C:\Program Files\Java\jdk1.8.0_144\jre\lib\ext\zipfs.jar;C:\Program Files\Java\jdk1.8.0_144\jre\lib\javaws.jar;C:\Program Files\Java\jdk1.8.0_144\jre\lib\jce.jar;C:\Program Files\Java\jdk1.8.0_144\jre\lib\jfr.jar;C:\Program Files\Java\jdk1.8.0_144\jre\lib\jfxswt.jar;C:\Program Files\Java\jdk1.8.0_144\jre\lib\jsse.jar;C:\Program Files\Java\jdk1.8.0_144\jre\lib\management-agent.jar;C:\Program Files\Java\jdk1.8.0_144\jre\lib\plugin.jar;C:\Program Files\Java\jdk1.8.0_144\jre\lib\resources.jar;C:\Program Files\Java\jdk1.8.0_144\jre\lib\rt.jar;E:\MyEclipse 10\Spring\spring_jdbcTemplate\target\classes;F:\Maven\Repository\org\springframework\spring-core\4.3.12.RELEASE\spring-core-4.3.12.RELEASE.jar;F:\Maven\Repository\commons-logging\commons-logging\1.2\commons-logging-1.2.jar;F:\Maven\Repository\org\springframework\spring-beans\4.3.12.RELEASE\spring-beans-4.3.12.RELEASE.jar;F:\Maven\Repository\log4j\log4j\1.2.17\log4j-1.2.17.jar;F:\Maven\Repository\org\springframework\spring-context\4.3.12.RELEASE\spring-context-4.3.12.RELEASE.jar;F:\Maven\Repository\org\springframework\spring-expression\4.3.12.RELEASE\spring-expression-4.3.12.RELEASE.jar;F:\Maven\Repository\org\springframework\spring-aop\4.3.12.RELEASE\spring-aop-4.3.12.RELEASE.jar;F:\Maven\Repository\org\aspectj\aspectjweaver\1.8.12\aspectjweaver-1.8.12.jar;F:\Maven\Repository\aopalliance\aopalliance\1.0\aopalliance-1.0.jar;F:\Maven\Repository\org\springframework\spring-aspects\4.3.12.RELEASE\spring-aspects-4.3.12.RELEASE.jar;F:\Maven\Repository\org\springframework\spring-jdbc\4.3.12.RELEASE\spring-jdbc-4.3.12.RELEASE.jar;F:\Maven\Repository\org\springframework\spring-tx\4.3.12.RELEASE\spring-tx-4.3.12.RELEASE.jar;F:\Maven\Repository\mysql\mysql-connector-java\5.1.44\mysql-connector-java-5.1.44.jar;F:\Maven\Repository\org\junit\jupiter\junit-jupiter-api\5.0.1\junit-jupiter-api-5.0.1.jar;F:\Maven\Repository\org\opentest4j\opentest4j\1.0.0\opentest4j-1.0.0.jar;F:\Maven\Repository\org\junit\platform\junit-platform-commons\1.0.1\junit-platform-commons-1.0.1.jar;F:\Maven\Repository\junit\junit\4.12\junit-4.12.jar;F:\Maven\Repository\org\hamcrest\hamcrest-core\1.3\hamcrest-core-1.3.jar;F:\Program Files\JetBrains\IntelliJ IDEA 2017.2.3\lib\idea_rt.jar, user.name=Administrator, java.vm.specification.version=1.8, sun.java.command=com.intellij.rt.execution.junit.JUnitStarter -ideVersion5 -junit4 cn.itcast.JbdcTemplate,remove, java.home=C:\Program Files\Java\jdk1.8.0_144\jre, sun.arch.data.model=64, user.language=zh, java.specification.vendor=Oracle Corporation, awt.toolkit=sun.awt.windows.WToolkit, java.vm.info=mixed mode, java.version=1.8.0_144, java.ext.dirs=C:\Program Files\Java\jdk1.8.0_144\jre\lib\ext;C:\Windows\Sun\Java\lib\ext, sun.boot.class.path=C:\Program Files\Java\jdk1.8.0_144\jre\lib\resources.jar;C:\Program Files\Java\jdk1.8.0_144\jre\lib\rt.jar;C:\Program Files\Java\jdk1.8.0_144\jre\lib\sunrsasign.jar;C:\Program Files\Java\jdk1.8.0_144\jre\lib\jsse.jar;C:\Program Files\Java\jdk1.8.0_144\jre\lib\jce.jar;C:\Program Files\Java\jdk1.8.0_144\jre\lib\charsets.jar;C:\Program Files\Java\jdk1.8.0_144\jre\lib\jfr.jar;C:\Program Files\Java\jdk1.8.0_144\jre\classes, java.vendor=Oracle Corporation, file.separator=\, java.vendor.url.bug=http://bugreport.sun.com/bugreport/, idea.test.cyclic.buffer.size=1048576, sun.io.unicode.encoding=UnicodeLittle, sun.cpu.endian=little, sun.desktop=windows, sun.cpu.isalist=amd64}}, SystemEnvironmentPropertySource@22429093 {name='systemEnvironment', properties={LOCALAPPDATA=C:\Users\Administrator\AppData\Local, PROCESSOR_LEVEL=6, FP_NO_HOST_CHECK=NO, USERDOMAIN=WIN-VT46KOU0CNI, LOGONSERVER=\\WIN-VT46KOU0CNI, SESSIONNAME=Console, ALLUSERSPROFILE=C:\ProgramData, PROCESSOR_ARCHITECTURE=AMD64, PSModulePath=C:\Windows\system32\WindowsPowerShell\v1.0\Modules\, SystemDrive=C:, asl.log=Destination=file, APPDATA=C:\Users\Administrator\AppData\Roaming, USERNAME=Administrator, windows_tracing_logfile=C:\BVTBin\Tests\installpackage\csilogfile.log, ProgramFiles(x86)=C:\Program Files (x86), CommonProgramFiles=C:\Program Files\Common Files, Path=f:\app\Administrator\product\11.2.0\dbhome_1\bin;f:\app\Administrator\virtual\product\12.2.0\dbhome_1\bin;C:\Program Files (x86)\AMD APP\bin\x86_64;C:\Program Files (x86)\AMD APP\bin\x86;C:\Program Files (x86)\Java\jdk1.7.0_75\bin;C:\Program Files (x86)\Java\jre7\bin;C:\Windows\system32;C:\Windows;C:\Windows\System32\Wbem;C:\Windows\System32\WindowsPowerShell\v1.0\;C:\Program Files (x86)\ATI Technologies\ATI.ACE\Core-Static;C:\Program Files\Java\jdk1.8.0_144\bin;F:\Program Files\MySQL\MySQL Server 5.7\bin;F:\Program Files\apache-tomcat-7.0.81\bin;F:\Program Files\Git\bin;C:\Users\Administrator\AppData\Local\GitHubDesktop\bin;F:\apache-maven-3.5.0\bin, PATHEXT=.COM;.EXE;.BAT;.CMD;.VBS;.VBE;.JS;.JSE;.WSF;.WSH;.MSC, OS=Windows_NT, windows_tracing_flags=3, COMPUTERNAME=WIN-VT46KOU0CNI, PROCESSOR_REVISION=2a07, CommonProgramW6432=C:\Program Files\Common Files, ComSpec=C:\Windows\system32\cmd.exe, ProgramData=C:\ProgramData, ProgramW6432=C:\Program Files, HOMEPATH=\Users\Administrator, SystemRoot=C:\Windows, TEMP=C:\Users\ADMINI~1\AppData\Local\Temp, HOMEDRIVE=C:, PROCESSOR_IDENTIFIER=Intel64 Family 6 Model 42 Stepping 7, GenuineIntel, USERPROFILE=C:\Users\Administrator, TMP=C:\Users\ADMINI~1\AppData\Local\Temp, CommonProgramFiles(x86)=C:\Program Files (x86)\Common Files, ProgramFiles=C:\Program Files, PUBLIC=C:\Users\Public, NUMBER_OF_PROCESSORS=4, windir=C:\Windows, AMDAPPSDKROOT=C:\Program Files (x86)\AMD APP\, =::=::\}}]
2017-10-23 11:53:40 org.springframework.beans.factory.xml.XmlBeanDefinitionReader.loadBeanDefinitions(XmlBeanDefinitionReader.java:317) XmlBeanDefinitionReader.java INFO Loading XML bean definitions from class path resource [org/springframework/jdbc/support/sql-error-codes.xml]
2017-10-23 11:53:40 org.springframework.beans.factory.xml.DefaultDocumentLoader.loadDocument(DefaultDocumentLoader.java:73) DefaultDocumentLoader.java DEBUG Using JAXP provider [com.sun.org.apache.xerces.internal.jaxp.DocumentBuilderFactoryImpl]
2017-10-23 11:53:40 org.springframework.beans.factory.xml.BeansDtdResolver.resolveEntity(BeansDtdResolver.java:74) BeansDtdResolver.java DEBUG Found beans DTD [http://www.springframework.org/dtd/spring-beans-2.0.dtd] in classpath: spring-beans-2.0.dtd
2017-10-23 11:53:40 org.springframework.beans.factory.xml.DefaultBeanDefinitionDocumentReader.registerBeanDefinitions(DefaultBeanDefinitionDocumentReader.java:92) DefaultBeanDefinitionDocumentReader.java DEBUG Loading bean definitions
2017-10-23 11:53:40 org.springframework.beans.factory.support.DefaultSingletonBeanRegistry.getSingleton(DefaultSingletonBeanRegistry.java:221) DefaultSingletonBeanRegistry.java DEBUG Creating shared instance of singleton bean 'DB2'
2017-10-23 11:53:40 org.springframework.beans.factory.support.AbstractAutowireCapableBeanFactory.createBean(AbstractAutowireCapableBeanFactory.java:449) AbstractAutowireCapableBeanFactory.java DEBUG Creating instance of bean 'DB2'
2017-10-23 11:53:40 org.springframework.beans.factory.support.AbstractAutowireCapableBeanFactory.doCreateBean(AbstractAutowireCapableBeanFactory.java:539) AbstractAutowireCapableBeanFactory.java DEBUG Eagerly caching bean 'DB2' to allow for resolving potential circular references
2017-10-23 11:53:41 org.springframework.beans.factory.support.AbstractAutowireCapableBeanFactory.createBean(AbstractAutowireCapableBeanFactory.java:485) AbstractAutowireCapableBeanFactory.java DEBUG Finished creating instance of bean 'DB2'
2017-10-23 11:53:41 org.springframework.beans.factory.support.DefaultSingletonBeanRegistry.getSingleton(DefaultSingletonBeanRegistry.java:221) DefaultSingletonBeanRegistry.java DEBUG Creating shared instance of singleton bean 'Derby'
2017-10-23 11:53:41 org.springframework.beans.factory.support.AbstractAutowireCapableBeanFactory.createBean(AbstractAutowireCapableBeanFactory.java:449) AbstractAutowireCapableBeanFactory.java DEBUG Creating instance of bean 'Derby'
2017-10-23 11:53:41 org.springframework.beans.factory.support.AbstractAutowireCapableBeanFactory.doCreateBean(AbstractAutowireCapableBeanFactory.java:539) AbstractAutowireCapableBeanFactory.java DEBUG Eagerly caching bean 'Derby' to allow for resolving potential circular references
2017-10-23 11:53:41 org.springframework.beans.factory.support.AbstractAutowireCapableBeanFactory.createBean(AbstractAutowireCapableBeanFactory.java:485) AbstractAutowireCapableBeanFactory.java DEBUG Finished creating instance of bean 'Derby'
2017-10-23 11:53:41 org.springframework.beans.factory.support.DefaultSingletonBeanRegistry.getSingleton(DefaultSingletonBeanRegistry.java:221) DefaultSingletonBeanRegistry.java DEBUG Creating shared instance of singleton bean 'H2'
2017-10-23 11:53:41 org.springframework.beans.factory.support.AbstractAutowireCapableBeanFactory.createBean(AbstractAutowireCapableBeanFactory.java:449) AbstractAutowireCapableBeanFactory.java DEBUG Creating instance of bean 'H2'
2017-10-23 11:53:41 org.springframework.beans.factory.support.AbstractAutowireCapableBeanFactory.doCreateBean(AbstractAutowireCapableBeanFactory.java:539) AbstractAutowireCapableBeanFactory.java DEBUG Eagerly caching bean 'H2' to allow for resolving potential circular references
2017-10-23 11:53:41 org.springframework.beans.factory.support.AbstractAutowireCapableBeanFactory.createBean(AbstractAutowireCapableBeanFactory.java:485) AbstractAutowireCapableBeanFactory.java DEBUG Finished creating instance of bean 'H2'
2017-10-23 11:53:41 org.springframework.beans.factory.support.DefaultSingletonBeanRegistry.getSingleton(DefaultSingletonBeanRegistry.java:221) DefaultSingletonBeanRegistry.java DEBUG Creating shared instance of singleton bean 'HSQL'
2017-10-23 11:53:41 org.springframework.beans.factory.support.AbstractAutowireCapableBeanFactory.createBean(AbstractAutowireCapableBeanFactory.java:449) AbstractAutowireCapableBeanFactory.java DEBUG Creating instance of bean 'HSQL'
2017-10-23 11:53:41 org.springframework.beans.factory.support.AbstractAutowireCapableBeanFactory.doCreateBean(AbstractAutowireCapableBeanFactory.java:539) AbstractAutowireCapableBeanFactory.java DEBUG Eagerly caching bean 'HSQL' to allow for resolving potential circular references
2017-10-23 11:53:41 org.springframework.beans.factory.support.AbstractAutowireCapableBeanFactory.createBean(AbstractAutowireCapableBeanFactory.java:485) AbstractAutowireCapableBeanFactory.java DEBUG Finished creating instance of bean 'HSQL'
2017-10-23 11:53:41 org.springframework.beans.factory.support.DefaultSingletonBeanRegistry.getSingleton(DefaultSingletonBeanRegistry.java:221) DefaultSingletonBeanRegistry.java DEBUG Creating shared instance of singleton bean 'Informix'
2017-10-23 11:53:41 org.springframework.beans.factory.support.AbstractAutowireCapableBeanFactory.createBean(AbstractAutowireCapableBeanFactory.java:449) AbstractAutowireCapableBeanFactory.java DEBUG Creating instance of bean 'Informix'
2017-10-23 11:53:41 org.springframework.beans.factory.support.AbstractAutowireCapableBeanFactory.doCreateBean(AbstractAutowireCapableBeanFactory.java:539) AbstractAutowireCapableBeanFactory.java DEBUG Eagerly caching bean 'Informix' to allow for resolving potential circular references
2017-10-23 11:53:41 org.springframework.beans.factory.support.AbstractAutowireCapableBeanFactory.createBean(AbstractAutowireCapableBeanFactory.java:485) AbstractAutowireCapableBeanFactory.java DEBUG Finished creating instance of bean 'Informix'
2017-10-23 11:53:41 org.springframework.beans.factory.support.DefaultSingletonBeanRegistry.getSingleton(DefaultSingletonBeanRegistry.java:221) DefaultSingletonBeanRegistry.java DEBUG Creating shared instance of singleton bean 'MS-SQL'
2017-10-23 11:53:41 org.springframework.beans.factory.support.AbstractAutowireCapableBeanFactory.createBean(AbstractAutowireCapableBeanFactory.java:449) AbstractAutowireCapableBeanFactory.java DEBUG Creating instance of bean 'MS-SQL'
2017-10-23 11:53:41 org.springframework.beans.factory.support.AbstractAutowireCapableBeanFactory.doCreateBean(AbstractAutowireCapableBeanFactory.java:539) AbstractAutowireCapableBeanFactory.java DEBUG Eagerly caching bean 'MS-SQL' to allow for resolving potential circular references
2017-10-23 11:53:41 org.springframework.beans.factory.support.AbstractAutowireCapableBeanFactory.createBean(AbstractAutowireCapableBeanFactory.java:485) AbstractAutowireCapableBeanFactory.java DEBUG Finished creating instance of bean 'MS-SQL'
2017-10-23 11:53:41 org.springframework.beans.factory.support.DefaultSingletonBeanRegistry.getSingleton(DefaultSingletonBeanRegistry.java:221) DefaultSingletonBeanRegistry.java DEBUG Creating shared instance of singleton bean 'MySQL'
2017-10-23 11:53:41 org.springframework.beans.factory.support.AbstractAutowireCapableBeanFactory.createBean(AbstractAutowireCapableBeanFactory.java:449) AbstractAutowireCapableBeanFactory.java DEBUG Creating instance of bean 'MySQL'
2017-10-23 11:53:41 org.springframework.beans.factory.support.AbstractAutowireCapableBeanFactory.doCreateBean(AbstractAutowireCapableBeanFactory.java:539) AbstractAutowireCapableBeanFactory.java DEBUG Eagerly caching bean 'MySQL' to allow for resolving potential circular references
2017-10-23 11:53:41 org.springframework.beans.factory.support.AbstractAutowireCapableBeanFactory.createBean(AbstractAutowireCapableBeanFactory.java:485) AbstractAutowireCapableBeanFactory.java DEBUG Finished creating instance of bean 'MySQL'
2017-10-23 11:53:41 org.springframework.beans.factory.support.DefaultSingletonBeanRegistry.getSingleton(DefaultSingletonBeanRegistry.java:221) DefaultSingletonBeanRegistry.java DEBUG Creating shared instance of singleton bean 'Oracle'
2017-10-23 11:53:41 org.springframework.beans.factory.support.AbstractAutowireCapableBeanFactory.createBean(AbstractAutowireCapableBeanFactory.java:449) AbstractAutowireCapableBeanFactory.java DEBUG Creating instance of bean 'Oracle'
2017-10-23 11:53:41 org.springframework.beans.factory.support.AbstractAutowireCapableBeanFactory.doCreateBean(AbstractAutowireCapableBeanFactory.java:539) AbstractAutowireCapableBeanFactory.java DEBUG Eagerly caching bean 'Oracle' to allow for resolving potential circular references
2017-10-23 11:53:41 org.springframework.beans.factory.support.AbstractAutowireCapableBeanFactory.createBean(AbstractAutowireCapableBeanFactory.java:485) AbstractAutowireCapableBeanFactory.java DEBUG Finished creating instance of bean 'Oracle'
2017-10-23 11:53:41 org.springframework.beans.factory.support.DefaultSingletonBeanRegistry.getSingleton(DefaultSingletonBeanRegistry.java:221) DefaultSingletonBeanRegistry.java DEBUG Creating shared instance of singleton bean 'PostgreSQL'
2017-10-23 11:53:41 org.springframework.beans.factory.support.AbstractAutowireCapableBeanFactory.createBean(AbstractAutowireCapableBeanFactory.java:449) AbstractAutowireCapableBeanFactory.java DEBUG Creating instance of bean 'PostgreSQL'
2017-10-23 11:53:41 org.springframework.beans.factory.support.AbstractAutowireCapableBeanFactory.doCreateBean(AbstractAutowireCapableBeanFactory.java:539) AbstractAutowireCapableBeanFactory.java DEBUG Eagerly caching bean 'PostgreSQL' to allow for resolving potential circular references
2017-10-23 11:53:41 org.springframework.beans.factory.support.AbstractAutowireCapableBeanFactory.createBean(AbstractAutowireCapableBeanFactory.java:485) AbstractAutowireCapableBeanFactory.java DEBUG Finished creating instance of bean 'PostgreSQL'
2017-10-23 11:53:41 org.springframework.beans.factory.support.DefaultSingletonBeanRegistry.getSingleton(DefaultSingletonBeanRegistry.java:221) DefaultSingletonBeanRegistry.java DEBUG Creating shared instance of singleton bean 'Sybase'
2017-10-23 11:53:41 org.springframework.beans.factory.support.AbstractAutowireCapableBeanFactory.createBean(AbstractAutowireCapableBeanFactory.java:449) AbstractAutowireCapableBeanFactory.java DEBUG Creating instance of bean 'Sybase'
2017-10-23 11:53:41 org.springframework.beans.factory.support.AbstractAutowireCapableBeanFactory.doCreateBean(AbstractAutowireCapableBeanFactory.java:539) AbstractAutowireCapableBeanFactory.java DEBUG Eagerly caching bean 'Sybase' to allow for resolving potential circular references
2017-10-23 11:53:41 org.springframework.beans.factory.support.AbstractAutowireCapableBeanFactory.createBean(AbstractAutowireCapableBeanFactory.java:485) AbstractAutowireCapableBeanFactory.java DEBUG Finished creating instance of bean 'Sybase'
2017-10-23 11:53:41 org.springframework.beans.factory.support.DefaultSingletonBeanRegistry.getSingleton(DefaultSingletonBeanRegistry.java:221) DefaultSingletonBeanRegistry.java DEBUG Creating shared instance of singleton bean 'Hana'
2017-10-23 11:53:41 org.springframework.beans.factory.support.AbstractAutowireCapableBeanFactory.createBean(AbstractAutowireCapableBeanFactory.java:449) AbstractAutowireCapableBeanFactory.java DEBUG Creating instance of bean 'Hana'
2017-10-23 11:53:41 org.springframework.beans.factory.support.AbstractAutowireCapableBeanFactory.doCreateBean(AbstractAutowireCapableBeanFactory.java:539) AbstractAutowireCapableBeanFactory.java DEBUG Eagerly caching bean 'Hana' to allow for resolving potential circular references
2017-10-23 11:53:41 org.springframework.beans.factory.support.AbstractAutowireCapableBeanFactory.createBean(AbstractAutowireCapableBeanFactory.java:485) AbstractAutowireCapableBeanFactory.java DEBUG Finished creating instance of bean 'Hana'
2017-10-23 11:53:41 org.springframework.jdbc.support.SQLErrorCodesFactory.<init>(SQLErrorCodesFactory.java:127) SQLErrorCodesFactory.java INFO SQLErrorCodes loaded: [DB2, Derby, H2, HSQL, Informix, MS-SQL, MySQL, Oracle, PostgreSQL, Sybase, Hana]
2017-10-23 11:53:41 org.springframework.jdbc.support.SQLErrorCodesFactory.getErrorCodes(SQLErrorCodesFactory.java:200) SQLErrorCodesFactory.java DEBUG Looking up default SQLErrorCodes for DataSource [org.springframework.jdbc.datasource.DriverManagerDataSource@49c43f4e]
2017-10-23 11:53:41 org.springframework.jdbc.datasource.DataSourceUtils.doGetConnection(DataSourceUtils.java:110) DataSourceUtils.java DEBUG Fetching JDBC Connection from DataSource
2017-10-23 11:53:41 org.springframework.jdbc.datasource.DriverManagerDataSource.getConnectionFromDriver(DriverManagerDataSource.java:142) DriverManagerDataSource.java DEBUG Creating new JDBC DriverManager Connection to [jdbc:mysql://localhost:3306/epet?useUnicode=true&characterEncoding=utf-8]
2017-10-23 11:53:41 org.springframework.jdbc.datasource.DataSourceUtils.doReleaseConnection(DataSourceUtils.java:329) DataSourceUtils.java DEBUG Returning JDBC Connection to DataSource
2017-10-23 11:53:41 org.springframework.jdbc.support.SQLErrorCodesFactory.getErrorCodes(SQLErrorCodesFactory.java:176) SQLErrorCodesFactory.java DEBUG SQL error codes for 'MySQL' found
2017-10-23 11:53:41 org.springframework.jdbc.support.SQLErrorCodesFactory.registerDatabase(SQLErrorCodesFactory.java:244) SQLErrorCodesFactory.java DEBUG Caching SQL error codes for DataSource [org.springframework.jdbc.datasource.DriverManagerDataSource@49c43f4e]: database product name is 'MySQL'
2017-10-23 11:53:41 org.springframework.jdbc.support.SQLErrorCodeSQLExceptionTranslator.logTranslation(SQLErrorCodeSQLExceptionTranslator.java:397) SQLErrorCodeSQLExceptionTranslator.java DEBUG Translating SQLException with SQL state '42S22', error code '1054', message [Unknown column 'user' in 'where clause']; SQL was [delete from user where user=?] for task [PreparedStatementCallback]
2017-10-23 11:54:07 org.springframework.jdbc.datasource.DriverManagerDataSource.setDriverClassName(DriverManagerDataSource.java:133) DriverManagerDataSource.java INFO Loaded JDBC driver: com.mysql.jdbc.Driver
2017-10-23 11:54:07 org.springframework.jdbc.core.JdbcTemplate.update(JdbcTemplate.java:869) JdbcTemplate.java DEBUG Executing prepared SQL update
2017-10-23 11:54:07 org.springframework.jdbc.core.JdbcTemplate.execute(JdbcTemplate.java:616) JdbcTemplate.java DEBUG Executing prepared SQL statement [delete from user where username=?]
2017-10-23 11:54:07 org.springframework.jdbc.datasource.DataSourceUtils.doGetConnection(DataSourceUtils.java:110) DataSourceUtils.java DEBUG Fetching JDBC Connection from DataSource
2017-10-23 11:54:07 org.springframework.jdbc.datasource.DriverManagerDataSource.getConnectionFromDriver(DriverManagerDataSource.java:142) DriverManagerDataSource.java DEBUG Creating new JDBC DriverManager Connection to [jdbc:mysql://localhost:3306/epet?useUnicode=true&characterEncoding=utf-8]
2017-10-23 11:54:08 org.springframework.jdbc.core.JdbcTemplate$2.doInPreparedStatement(JdbcTemplate.java:879) JdbcTemplate.java DEBUG SQL update affected 0 rows
2017-10-23 11:54:08 org.springframework.jdbc.datasource.DataSourceUtils.doReleaseConnection(DataSourceUtils.java:329) DataSourceUtils.java DEBUG Returning JDBC Connection to DataSource
2017-10-23 11:54:54 org.springframework.jdbc.datasource.DriverManagerDataSource.setDriverClassName(DriverManagerDataSource.java:133) DriverManagerDataSource.java INFO Loaded JDBC driver: com.mysql.jdbc.Driver
2017-10-23 11:54:54 org.springframework.jdbc.core.JdbcTemplate.update(JdbcTemplate.java:869) JdbcTemplate.java DEBUG Executing prepared SQL update
2017-10-23 11:54:54 org.springframework.jdbc.core.JdbcTemplate.execute(JdbcTemplate.java:616) JdbcTemplate.java DEBUG Executing prepared SQL statement [delete from user where username=?]
2017-10-23 11:54:54 org.springframework.jdbc.datasource.DataSourceUtils.doGetConnection(DataSourceUtils.java:110) DataSourceUtils.java DEBUG Fetching JDBC Connection from DataSource
2017-10-23 11:54:54 org.springframework.jdbc.datasource.DriverManagerDataSource.getConnectionFromDriver(DriverManagerDataSource.java:142) DriverManagerDataSource.java DEBUG Creating new JDBC DriverManager Connection to [jdbc:mysql://localhost:3306/epet?useUnicode=true&characterEncoding=utf-8]
2017-10-23 11:54:55 org.springframework.jdbc.core.JdbcTemplate$2.doInPreparedStatement(JdbcTemplate.java:879) JdbcTemplate.java DEBUG SQL update affected 1 rows
2017-10-23 11:54:55 org.springframework.jdbc.datasource.DataSourceUtils.doReleaseConnection(DataSourceUtils.java:329) DataSourceUtils.java DEBUG Returning JDBC Connection to DataSource
2017-10-23 11:59:21 org.springframework.jdbc.datasource.DriverManagerDataSource.setDriverClassName(DriverManagerDataSource.java:133) DriverManagerDataSource.java INFO Loaded JDBC driver: com.mysql.jdbc.Driver
2017-10-23 11:59:21 org.springframework.jdbc.core.JdbcTemplate.update(JdbcTemplate.java:869) JdbcTemplate.java DEBUG Executing prepared SQL update
2017-10-23 11:59:21 org.springframework.jdbc.core.JdbcTemplate.execute(JdbcTemplate.java:616) JdbcTemplate.java DEBUG Executing prepared SQL statement [insert into user values(?,?)]
2017-10-23 11:59:21 org.springframework.jdbc.datasource.DataSourceUtils.doGetConnection(DataSourceUtils.java:110) DataSourceUtils.java DEBUG Fetching JDBC Connection from DataSource
2017-10-23 11:59:21 org.springframework.jdbc.datasource.DriverManagerDataSource.getConnectionFromDriver(DriverManagerDataSource.java:142) DriverManagerDataSource.java DEBUG Creating new JDBC DriverManager Connection to [jdbc:mysql://localhost:3306/epet]
2017-10-23 11:59:21 org.springframework.jdbc.core.JdbcTemplate$2.doInPreparedStatement(JdbcTemplate.java:879) JdbcTemplate.java DEBUG SQL update affected 1 rows
2017-10-23 11:59:21 org.springframework.jdbc.datasource.DataSourceUtils.doReleaseConnection(DataSourceUtils.java:329) DataSourceUtils.java DEBUG Returning JDBC Connection to DataSource
2017-10-23 11:59:40 org.springframework.jdbc.datasource.DriverManagerDataSource.setDriverClassName(DriverManagerDataSource.java:133) DriverManagerDataSource.java INFO Loaded JDBC driver: com.mysql.jdbc.Driver
2017-10-23 11:59:40 org.springframework.jdbc.core.JdbcTemplate.update(JdbcTemplate.java:869) JdbcTemplate.java DEBUG Executing prepared SQL update
2017-10-23 11:59:40 org.springframework.jdbc.core.JdbcTemplate.execute(JdbcTemplate.java:616) JdbcTemplate.java DEBUG Executing prepared SQL statement [update user set username=? where username=?]
2017-10-23 11:59:40 org.springframework.jdbc.datasource.DataSourceUtils.doGetConnection(DataSourceUtils.java:110) DataSourceUtils.java DEBUG Fetching JDBC Connection from DataSource
2017-10-23 11:59:40 org.springframework.jdbc.datasource.DriverManagerDataSource.getConnectionFromDriver(DriverManagerDataSource.java:142) DriverManagerDataSource.java DEBUG Creating new JDBC DriverManager Connection to [jdbc:mysql://localhost:3306/epet?useUnicode=true&characterEncoding=utf-8]
2017-10-23 11:59:40 org.springframework.jdbc.core.JdbcTemplate$2.doInPreparedStatement(JdbcTemplate.java:879) JdbcTemplate.java DEBUG SQL update affected 0 rows
2017-10-23 11:59:41 org.springframework.jdbc.datasource.DataSourceUtils.doReleaseConnection(DataSourceUtils.java:329) DataSourceUtils.java DEBUG Returning JDBC Connection to DataSource
2017-10-23 12:00:14 org.springframework.jdbc.datasource.DriverManagerDataSource.setDriverClassName(DriverManagerDataSource.java:133) DriverManagerDataSource.java INFO Loaded JDBC driver: com.mysql.jdbc.Driver
2017-10-23 12:00:14 org.springframework.jdbc.core.JdbcTemplate.update(JdbcTemplate.java:869) JdbcTemplate.java DEBUG Executing prepared SQL update
2017-10-23 12:00:14 org.springframework.jdbc.core.JdbcTemplate.execute(JdbcTemplate.java:616) JdbcTemplate.java DEBUG Executing prepared SQL statement [update user set username=? where username=?]
2017-10-23 12:00:14 org.springframework.jdbc.datasource.DataSourceUtils.doGetConnection(DataSourceUtils.java:110) DataSourceUtils.java DEBUG Fetching JDBC Connection from DataSource
2017-10-23 12:00:14 org.springframework.jdbc.datasource.DriverManagerDataSource.getConnectionFromDriver(DriverManagerDataSource.java:142) DriverManagerDataSource.java DEBUG Creating new JDBC DriverManager Connection to [jdbc:mysql://localhost:3306/epet?useUnicode=true&characterEncoding=utf-8]
2017-10-23 12:00:15 org.springframework.jdbc.core.JdbcTemplate$2.doInPreparedStatement(JdbcTemplate.java:879) JdbcTemplate.java DEBUG SQL update affected 1 rows
2017-10-23 12:00:15 org.springframework.jdbc.datasource.DataSourceUtils.doReleaseConnection(DataSourceUtils.java:329) DataSourceUtils.java DEBUG Returning JDBC Connection to DataSource
2017-10-23 16:14:41 org.springframework.jdbc.datasource.DriverManagerDataSource.setDriverClassName(DriverManagerDataSource.java:133) DriverManagerDataSource.java INFO Loaded JDBC driver: com.mysql.jdbc.Driver
2017-10-23 16:14:41 org.springframework.jdbc.core.JdbcTemplate.query(JdbcTemplate.java:451) JdbcTemplate.java DEBUG Executing SQL query [select count(*) from user]
2017-10-23 16:14:41 org.springframework.jdbc.datasource.DataSourceUtils.doGetConnection(DataSourceUtils.java:110) DataSourceUtils.java DEBUG Fetching JDBC Connection from DataSource
2017-10-23 16:14:41 org.springframework.jdbc.datasource.DriverManagerDataSource.getConnectionFromDriver(DriverManagerDataSource.java:142) DriverManagerDataSource.java DEBUG Creating new JDBC DriverManager Connection to [jdbc:mysql://localhost:3306/epet]
2017-10-23 16:14:42 org.springframework.jdbc.datasource.DataSourceUtils.doReleaseConnection(DataSourceUtils.java:329) DataSourceUtils.java DEBUG Returning JDBC Connection to DataSource
2017-10-23 16:36:30 org.springframework.jdbc.datasource.DriverManagerDataSource.setDriverClassName(DriverManagerDataSource.java:133) DriverManagerDataSource.java INFO Loaded JDBC driver: com.mysql.jdbc.Driver
2017-10-23 16:36:30 org.springframework.jdbc.core.JdbcTemplate.query(JdbcTemplate.java:682) JdbcTemplate.java DEBUG Executing prepared SQL query
2017-10-23 16:36:30 org.springframework.jdbc.core.JdbcTemplate.execute(JdbcTemplate.java:616) JdbcTemplate.java DEBUG Executing prepared SQL statement [select * from user where password=?]
2017-10-23 16:36:30 org.springframework.jdbc.datasource.DataSourceUtils.doGetConnection(DataSourceUtils.java:110) DataSourceUtils.java DEBUG Fetching JDBC Connection from DataSource
2017-10-23 16:36:30 org.springframework.jdbc.datasource.DriverManagerDataSource.getConnectionFromDriver(DriverManagerDataSource.java:142) DriverManagerDataSource.java DEBUG Creating new JDBC DriverManager Connection to [jdbc:mysql://localhost:3306/epet]
2017-10-23 16:36:31 org.springframework.jdbc.core.JdbcTemplate.handleWarnings(JdbcTemplate.java:1404) JdbcTemplate.java DEBUG SQLWarning ignored: SQL state '22007', error code '1292', message [Truncated incorrect DOUBLE value: 'admin']
2017-10-23 16:36:31 org.springframework.jdbc.datasource.DataSourceUtils.doReleaseConnection(DataSourceUtils.java:329) DataSourceUtils.java DEBUG Returning JDBC Connection to DataSource
2017-10-23 16:56:05 org.springframework.jdbc.datasource.DriverManagerDataSource.setDriverClassName(DriverManagerDataSource.java:133) DriverManagerDataSource.java INFO Loaded JDBC driver: com.mysql.jdbc.Driver
2017-10-23 16:56:05 org.springframework.jdbc.core.JdbcTemplate.query(JdbcTemplate.java:451) JdbcTemplate.java DEBUG Executing SQL query [select * from user]
2017-10-23 16:56:05 org.springframework.jdbc.datasource.DataSourceUtils.doGetConnection(DataSourceUtils.java:110) DataSourceUtils.java DEBUG Fetching JDBC Connection from DataSource
2017-10-23 16:56:05 org.springframework.jdbc.datasource.DriverManagerDataSource.getConnectionFromDriver(DriverManagerDataSource.java:142) DriverManagerDataSource.java DEBUG Creating new JDBC DriverManager Connection to [jdbc:mysql://localhost:3306/epet]
2017-10-23 16:56:05 org.springframework.jdbc.datasource.DataSourceUtils.doReleaseConnection(DataSourceUtils.java:329) DataSourceUtils.java DEBUG Returning JDBC Connection to DataSource
